2026-04-11 21:15:09,683 - INFO - 已加载任务队列: 14 个任务
2026-04-11 21:30:46,873 - INFO - ==================================================
2026-04-11 21:30:46,873 - INFO - 任务循环脚本启动
2026-04-11 21:30:46,874 - INFO - 任务文件: D:\计算机和人工智能基础\.agents\tasks\tasks.json
2026-04-11 21:30:46,874 - INFO - 循环间隔: 60 秒
2026-04-11 21:30:46,874 - INFO - 最大迭代: 10
2026-04-11 21:30:46,874 - INFO - ==================================================
2026-04-11 21:30:46,874 - INFO - 已加载任务队列: 14 个任务
2026-04-11 21:30:46,874 - INFO - 
--- 第 1 次迭代 ---
2026-04-11 21:30:46,875 - INFO - 本次迭代待处理任务: 14
2026-04-11 21:30:46,875 - INFO - 任务 brainstorm-py-001 状态更新为: in_progress
2026-04-11 21:30:46,875 - INFO - 执行任务: brainstorm-py-001 | Agent: agent-brainstormer | 目标: 2-Python/
2026-04-11 21:30:46,875 - INFO -   描述: 扩展 Python 板块内容
2026-04-11 21:30:46,875 - INFO - 任务 brainstorm-py-001 状态更新为: failed
2026-04-11 21:30:46,876 - INFO - 任务 brainstorm-java-001 状态更新为: in_progress
2026-04-11 21:30:46,876 - INFO - 执行任务: brainstorm-java-001 | Agent: agent-brainstormer | 目标: 4-Java/
2026-04-11 21:30:46,876 - INFO -   描述: 扩展 Java 板块内容
2026-04-11 21:30:46,876 - INFO - 任务 brainstorm-java-001 状态更新为: failed
2026-04-11 21:30:46,876 - INFO - 任务 brainstorm-cpp-001 状态更新为: in_progress
2026-04-11 21:30:46,876 - INFO - 执行任务: brainstorm-cpp-001 | Agent: agent-brainstormer | 目标: 3-C++/
2026-04-11 21:30:46,876 - INFO -   描述: 扩展 C++ 板块内容
2026-04-11 21:30:46,877 - INFO - 任务 brainstorm-cpp-001 状态更新为: failed
2026-04-11 21:30:46,877 - INFO - 任务 brainstorm-js-001 状态更新为: in_progress
2026-04-11 21:30:46,877 - INFO - 执行任务: brainstorm-js-001 | Agent: agent-brainstormer | 目标: 5-JavaScript/
2026-04-11 21:30:46,877 - INFO -   描述: 扩展 JavaScript 板块内容
2026-04-11 21:30:46,877 - INFO - 任务 brainstorm-js-001 状态更新为: failed
2026-04-11 21:30:46,878 - INFO - 任务 brainstorm-go-001 状态更新为: in_progress
2026-04-11 21:30:46,878 - INFO - 执行任务: brainstorm-go-001 | Agent: agent-brainstormer | 目标: 6-Go/
2026-04-11 21:30:46,878 - INFO -   描述: 扩展 Go 板块内容
2026-04-11 21:30:46,878 - INFO - 任务 brainstorm-go-001 状态更新为: failed
2026-04-11 21:30:46,879 - INFO - 任务 brainstorm-cs-001 状态更新为: in_progress
2026-04-11 21:30:46,879 - INFO - 执行任务: brainstorm-cs-001 | Agent: agent-brainstormer | 目标: 0-计算机基础/
2026-04-11 21:30:46,879 - INFO -   描述: 扩展计算机基础板块内容
2026-04-11 21:30:46,879 - INFO - 任务 brainstorm-cs-001 状态更新为: failed
2026-04-11 21:30:46,880 - INFO - 任务 brainstorm-dsa-001 状态更新为: in_progress
2026-04-11 21:30:46,880 - INFO - 执行任务: brainstorm-dsa-001 | Agent: agent-brainstormer | 目标: 1-数据结构与算法/
2026-04-11 21:30:46,880 - INFO -   描述: 扩展数据结构与算法板块内容
2026-04-11 21:30:46,880 - INFO - 任务 brainstorm-dsa-001 状态更新为: failed
2026-04-11 21:30:46,881 - INFO - 任务 review-py-001 状态更新为: in_progress
2026-04-11 21:30:46,881 - INFO - 执行任务: review-py-001 | Agent: agent-reviewer | 目标: 2-Python/
2026-04-11 21:30:46,881 - INFO -   描述: 审查 Python 板块内容
2026-04-11 21:30:46,881 - INFO - 任务 review-py-001 状态更新为: failed
2026-04-11 21:30:46,881 - INFO - 任务 review-java-001 状态更新为: in_progress
2026-04-11 21:30:46,881 - INFO - 执行任务: review-java-001 | Agent: agent-reviewer | 目标: 4-Java/
2026-04-11 21:30:46,882 - INFO -   描述: 审查 Java 板块内容
2026-04-11 21:30:46,882 - INFO - 任务 review-java-001 状态更新为: failed
2026-04-11 21:30:46,882 - INFO - 任务 review-cpp-001 状态更新为: in_progress
2026-04-11 21:30:46,882 - INFO - 执行任务: review-cpp-001 | Agent: agent-reviewer | 目标: 3-C++/
2026-04-11 21:30:46,882 - INFO -   描述: 审查 C++ 板块内容
2026-04-11 21:30:46,882 - INFO - 任务 review-cpp-001 状态更新为: failed
2026-04-11 21:30:46,883 - INFO - 任务 review-js-001 状态更新为: in_progress
2026-04-11 21:30:46,883 - INFO - 执行任务: review-js-001 | Agent: agent-reviewer | 目标: 5-JavaScript/
2026-04-11 21:30:46,883 - INFO -   描述: 审查 JavaScript 板块内容
2026-04-11 21:30:46,883 - INFO - 任务 review-js-001 状态更新为: failed
2026-04-11 21:30:46,883 - INFO - 任务 review-go-001 状态更新为: in_progress
2026-04-11 21:30:46,884 - INFO - 执行任务: review-go-001 | Agent: agent-reviewer | 目标: 6-Go/
2026-04-11 21:30:46,884 - INFO -   描述: 审查 Go 板块内容
2026-04-11 21:30:46,884 - INFO - 任务 review-go-001 状态更新为: failed
2026-04-11 21:30:46,884 - INFO - 任务 review-cs-001 状态更新为: in_progress
2026-04-11 21:30:46,884 - INFO - 执行任务: review-cs-001 | Agent: agent-reviewer | 目标: 0-计算机基础/
2026-04-11 21:30:46,884 - INFO -   描述: 审查计算机基础板块内容
2026-04-11 21:30:46,884 - INFO - 任务 review-cs-001 状态更新为: failed
2026-04-11 21:30:46,885 - INFO - 任务 review-dsa-001 状态更新为: in_progress
2026-04-11 21:30:46,885 - INFO - 执行任务: review-dsa-001 | Agent: agent-reviewer | 目标: 1-数据结构与算法/
2026-04-11 21:30:46,885 - INFO -   描述: 审查数据结构与算法板块内容
2026-04-11 21:30:46,885 - INFO - 任务 review-dsa-001 状态更新为: failed
2026-04-11 21:30:46,886 - INFO - 任务循环脚本结束
